<?xml version="1.0" encoding="UTF-8"?>
<testsuite xmlns:xsi="http://www.w3.org/2001/XMLSchema-instance" xsi:noNamespaceSchemaLocation="https://maven.apache.org/surefire/maven-surefire-plugin/xsd/surefire-test-report.xsd" name="lv.degra.accounting.desktop.data.DataFactoryTest" time="0.03" tests="3" errors="0" skipped="0" failures="0">
  <properties>
[...]
</properties>
  <testcase name="testCreateDocumentType" classname="lv.degra.accounting.desktop.data.DataFactoryTest" time="0.016"/>
  <testcase name="testCreateDocumentDirection" classname="lv.degra.accounting.desktop.data.DataFactoryTest" time="0.001"/>
  <testcase name="testCreateDocumentSubType" classname="lv.degra.accounting.desktop.data.DataFactoryTest" time="0.001"/>
</testsuite>